\BOOKMARK [1][-]{section.1}{\376\377\000I\000n\000t\000r\000o\000d\000u\000c\000t\000i\000o\000n}{}% 1
\BOOKMARK [2][-]{subsection.1.1}{\376\377\000S\000o\000m\000e\000\040\000S\000u\000g\000g\000e\000s\000t\000i\000o\000n\000s}{section.1}% 2
\BOOKMARK [2][-]{subsection.1.2}{\376\377\000D\000i\000g\000i\000t\000a\000l\000\040\000v\000s\000\040\000A\000n\000a\000l\000o\000g}{section.1}% 3
\BOOKMARK [2][-]{subsection.1.3}{\376\377\000H\000i\000s\000t\000o\000r\000y\000\040\000o\000f\000\040\000D\000S\000P}{section.1}% 4
\BOOKMARK [1][-]{section.2}{\376\377\000D\000T\000\040\000S\000i\000g\000n\000a\000l\000\040\000a\000n\000d\000\040\000S\000y\000s\000t\000e\000m\000\040\000\050\000T\000i\000m\000e\000\040\000D\000o\000m\000a\000i\000n\000\051}{}% 5
\BOOKMARK [2][-]{subsection.2.1}{\376\377\000C\000o\000n\000v\000e\000n\000t\000i\000o\000n\000s}{section.2}% 6
\BOOKMARK [2][-]{subsection.2.2}{\376\377\000S\000p\000e\000c\000i\000a\000l\000\040\000S\000i\000g\000n\000a\000l\000s}{section.2}% 7
\BOOKMARK [3][-]{subsubsection.2.2.1}{\376\377\000I\000m\000p\000u\000l\000s\000e\000\040\000s\000i\000g\000a\000n\000l}{subsection.2.2}% 8
\BOOKMARK [3][-]{subsubsection.2.2.2}{\376\377\000U\000n\000i\000t\000\040\000s\000t\000e\000p}{subsection.2.2}% 9
\BOOKMARK [3][-]{subsubsection.2.2.3}{\376\377\000a\000n\000\040\000I\000m\000p\000o\000r\000t\000a\000n\000t\000\040\000F\000u\000n\000c\000t\000i\000o\000n}{subsection.2.2}% 10
\BOOKMARK [2][-]{subsection.2.3}{\376\377\000D\000i\000s\000c\000r\000e\000t\000e\000-\000T\000i\000m\000e\000\040\000S\000y\000s\000t\000e\000m}{section.2}% 11
\BOOKMARK [3][-]{subsubsection.2.3.1}{\376\377\000D\000e\000l\000a\000y\000\040\000D\000e\000v\000i\000c\000e}{subsection.2.3}% 12
\BOOKMARK [3][-]{subsubsection.2.3.2}{\376\377\000I\000n\000t\000e\000g\000r\000a\000t\000o\000r}{subsection.2.3}% 13
\BOOKMARK [3][-]{subsubsection.2.3.3}{\376\377\000S\000q\000u\000a\000r\000e\000\040\000D\000e\000v\000i\000c\000e}{subsection.2.3}% 14
\BOOKMARK [2][-]{subsection.2.4}{\376\377\000L\000i\000n\000e\000a\000r\000i\000t\000y}{section.2}% 15
\BOOKMARK [2][-]{subsection.2.5}{\376\377\000U\000n\000d\000e\000r\000s\000t\000a\000n\000d\000i\000n\000g\000\040\000I\000m\000p\000u\000l\000s\000e\000\040\000R\000e\000s\000p\000o\000n\000s\000e}{section.2}% 16
\BOOKMARK [2][-]{subsection.2.6}{\376\377\000L\000i\000n\000e\000a\000r\000i\000t\000y\000-\000M\000a\000t\000r\000i\000x\000\040\000P\000e\000r\000s\000p\000e\000c\000t\000i\000v\000e}{section.2}% 17
\BOOKMARK [2][-]{subsection.2.7}{\376\377\000T\000i\000m\000e\000-\000I\000n\000v\000a\000r\000i\000a\000n\000t}{section.2}% 18
\BOOKMARK [2][-]{subsection.2.8}{\376\377\000L\000T\000I\000\040\000S\000y\000s\000t\000e\000m}{section.2}% 19
\BOOKMARK [2][-]{subsection.2.9}{\376\377\000C\000o\000n\000v\000o\000l\000u\000t\000i\000o\000n}{section.2}% 20
\BOOKMARK [2][-]{subsection.2.10}{\376\377\000A\000n\000\040\000E\000x\000a\000m\000p\000l\000e\000\040\000o\000f\000\040\000C\000o\000n\000v\000o\000l\000u\000t\000i\000o\000n}{section.2}% 21
\BOOKMARK [3][-]{subsubsection.2.10.1}{\376\377\000M\000e\000t\000h\000o\000d\0001\000.\000\040\000A\000n\000a\000l\000y\000t\000i\000c\000a\000l\000\040\000C\000a\000l\000c\000u\000l\000a\000t\000i\000o\000n\000s\000.}{subsection.2.10}% 22
\BOOKMARK [3][-]{subsubsection.2.10.2}{\376\377\000G\000r\000a\000p\000h\000i\000c\000a\000l\000\040\000S\000o\000l\000u\000t\000i\000o\000n}{subsection.2.10}% 23
\BOOKMARK [1][-]{section.3}{\376\377\000D\000T\000\040\000S\000i\000g\000n\000a\000l\000\040\000a\000n\000d\000\040\000S\000y\000s\000t\000e\000m\000\040\000\050\000F\000r\000e\000q\000u\000e\000n\000c\000y\000\040\000D\000o\000m\000a\000i\000n\000\051}{}% 24
